\BOOKMARK [0][-]{chapter.1}{\376\377\000R\000e\000q\000u\000i\000r\000e\000m\000e\000n\000t\000s\000\040\000A\000n\000a\000l\000y\000s\000i\000s}{}% 1
\BOOKMARK [1][-]{section.1.1}{\376\377\000I\000n\000t\000r\000o\000d\000u\000c\000t\000i\000o\000n}{chapter.1}% 2
\BOOKMARK [1][-]{section.1.2}{\376\377\000E\000x\000i\000s\000t\000i\000n\000g\000\040\000S\000y\000s\000t\000e\000m\000s}{chapter.1}% 3
\BOOKMARK [2][-]{subsection.1.2.1}{\376\377\000F\000a\000r\000m\000e\000r\000s\000\040\000B\000u\000s\000i\000n\000e\000s\000s\000\040\000N\000e\000t\000w\000o\000r\000k\000\040\000\050\000F\000B\000N\000\051\000\040\040\023\000\040\000U\000n\000i\000t\000e\000d\000\040\000S\000t\000a\000t\000e\000s}{section.1.2}% 4
\BOOKMARK [2][-]{subsection.1.2.2}{\376\377\000e\000N\000A\000M\000\040\000\050\000E\000l\000e\000c\000t\000r\000o\000n\000i\000c\000\040\000N\000a\000t\000i\000o\000n\000a\000l\000\040\000A\000g\000r\000i\000c\000u\000l\000t\000u\000r\000e\000\040\000M\000a\000r\000k\000e\000t\000\051\000\040\040\023\000\040\000I\000n\000d\000i\000a}{section.1.2}% 5
\BOOKMARK [2][-]{subsection.1.2.3}{\376\377\000G\000h\000a\000n\000a\000\040\000A\000g\000r\000i\000c\000u\000l\000t\000u\000r\000e\000\040\000a\000n\000d\000\040\000A\000g\000r\000i\000b\000u\000s\000i\000n\000e\000s\000s\000\040\000P\000l\000a\000t\000f\000o\000r\000m\000\040\000\050\000G\000h\000A\000A\000P\000\051\000\040\040\023\000\040\000G\000h\000a\000n\000a}{section.1.2}% 6
\BOOKMARK [2][-]{subsection.1.2.4}{\376\377\000L\000i\000m\000i\000t\000a\000t\000i\000o\000n\000s\000\040\000a\000n\000d\000\040\000o\000u\000r\000\040\000s\000o\000l\000u\000t\000i\000o\000n\000s}{section.1.2}% 7
\BOOKMARK [1][-]{section.1.3}{\376\377\000I\000d\000e\000n\000t\000i\000f\000i\000c\000a\000t\000i\000o\000n\000\040\000o\000f\000\040\000A\000c\000t\000o\000r\000s\000\040\000a\000n\000d\000\040\000S\000t\000a\000t\000i\000c\000\040\000C\000o\000n\000t\000e\000x\000t\000\040\000D\000i\000a\000g\000r\000a\000m}{chapter.1}% 8
\BOOKMARK [2][-]{subsection.1.3.1}{\376\377\000F\000a\000r\000m\000e\000r}{section.1.3}% 9
\BOOKMARK [2][-]{subsection.1.3.2}{\376\377\000B\000u\000y\000e\000r}{section.1.3}% 10
\BOOKMARK [2][-]{subsection.1.3.3}{\376\377\000T\000r\000a\000n\000s\000p\000o\000r\000t\000e\000r}{section.1.3}% 11
\BOOKMARK [2][-]{subsection.1.3.4}{\376\377\000M\000i\000n\000i\000s\000t\000r\000y}{section.1.3}% 12
\BOOKMARK [2][-]{subsection.1.3.5}{\376\377\000Q\000u\000a\000l\000i\000t\000y\000\040\000I\000n\000s\000p\000e\000c\000t\000o\000r}{section.1.3}% 13
\BOOKMARK [2][-]{subsection.1.3.6}{\376\377\000D\000e\000l\000i\000v\000e\000r\000y\000\040\000M\000a\000n\000a\000g\000e\000r}{section.1.3}% 14
\BOOKMARK [2][-]{subsection.1.3.7}{\376\377\000P\000a\000y\000m\000e\000n\000t\000\040\000S\000y\000s\000t\000e\000m}{section.1.3}% 15
\BOOKMARK [2][-]{subsection.1.3.8}{\376\377\000W\000e\000a\000t\000h\000e\000r\000\040\000S\000y\000s\000t\000e\000m}{section.1.3}% 16
\BOOKMARK [2][-]{subsection.1.3.9}{\376\377\000S\000y\000s\000t\000e\000m\000\040\000C\000o\000n\000t\000e\000x\000t\000\040\000D\000i\000a\000g\000r\000a\000m}{section.1.3}% 17
\BOOKMARK [1][-]{subsection.1.3.9}{\376\377\000S\000y\000s\000t\000e\000m\000\040\000C\000o\000n\000t\000e\000x\000t\000\040\000D\000i\000a\000g\000r\000a\000m}{chapter.1}% 18
\BOOKMARK [1][-]{section.1.4}{\376\377\000U\000s\000e\000\040\000C\000a\000s\000e\000s}{chapter.1}% 19
\BOOKMARK [2][-]{subsection.1.4.1}{\376\377\000B\000u\000y\000e\000r}{section.1.4}% 20
\BOOKMARK [2][-]{subsection.1.4.2}{\376\377\000F\000a\000r\000m\000e\000r}{section.1.4}% 21
\BOOKMARK [2][-]{subsection.1.4.3}{\376\377\000T\000r\000a\000n\000s\000p\000o\000r\000t\000e\000r}{section.1.4}% 22
\BOOKMARK [2][-]{subsection.1.4.4}{\376\377\000M\000i\000n\000i\000s\000t\000r\000y\000\040\000\050\000A\000d\000m\000i\000n\000i\000s\000t\000r\000a\000t\000o\000r\000\051}{section.1.4}% 23
\BOOKMARK [1][-]{section.1.5}{\376\377\000D\000e\000s\000c\000r\000i\000p\000t\000i\000o\000n\000\040\000o\000f\000\040\000t\000h\000e\000\040\000M\000a\000i\000n\000\040\000U\000s\000e\000\040\000C\000a\000s\000e\000s}{chapter.1}% 24
\BOOKMARK [2][-]{subsection.1.5.1}{\376\377\000U\000C\0000\0001\000\040\040\023\000\040\000U\000s\000e\000r\000\040\000A\000u\000t\000h\000e\000n\000t\000i\000c\000a\000t\000i\000o\000n\000\040\000\050\000L\000o\000g\000i\000n\000\051}{section.1.5}% 25
\BOOKMARK [2][-]{subsection.1.5.2}{\376\377\000U\000C\0000\0002\000\040\040\023\000\040\000D\000e\000c\000i\000d\000e\000\040\000D\000e\000l\000i\000v\000e\000r\000y\000\040\000M\000i\000s\000s\000i\000o\000n}{section.1.5}% 26
\BOOKMARK [2][-]{subsection.1.5.3}{\376\377\000U\000C\0000\0003\000\040\040\023\000\040\000U\000s\000e\000r\000\040\000V\000a\000l\000i\000d\000a\000t\000i\000o\000n}{section.1.5}% 27
\BOOKMARK [2][-]{subsection.1.5.4}{\376\377\000U\000C\0000\0004\000\040\040\023\000\040\000S\000e\000a\000r\000c\000h\000\040\000P\000r\000o\000d\000u\000c\000t}{section.1.5}% 28
\BOOKMARK [2][-]{subsection.1.5.5}{\376\377\000U\000C\0000\0005\000\040\040\023\000\040\000D\000e\000c\000i\000d\000e\000\040\000O\000r\000d\000e\000r}{section.1.5}% 29
\BOOKMARK [1][-]{section.1.6}{\376\377\000U\000s\000e\000r\000\040\000I\000n\000t\000e\000r\000f\000a\000c\000e\000\040\000M\000o\000c\000k\000u\000p\000s}{chapter.1}% 30
\BOOKMARK [2][-]{subsection.1.6.1}{\376\377\000g\000l\000o\000b\000a\000l\000\040\000I\000n\000t\000e\000r\000f\000a\000c\000e\000\040\000S\000t\000r\000u\000c\000t\000u\000r\000e}{section.1.6}% 31
\BOOKMARK [2][-]{subsection.1.6.2}{\376\377\000F\000a\000r\000m\000e\000r\000\040\000I\000n\000t\000e\000r\000f\000a\000c\000e}{section.1.6}% 32
\BOOKMARK [2][-]{subsection.1.6.3}{\376\377\000B\000u\000y\000e\000r\000\040\000I\000n\000t\000e\000r\000f\000a\000c\000e}{section.1.6}% 33
\BOOKMARK [2][-]{subsection.1.6.4}{\376\377\000T\000r\000a\000n\000s\000p\000o\000r\000t\000e\000r\000\040\000I\000n\000t\000e\000r\000f\000a\000c\000e}{section.1.6}% 34
\BOOKMARK [2][-]{subsection.1.6.5}{\376\377\000M\000i\000n\000i\000s\000t\000r\000y\000\040\000I\000n\000t\000e\000r\000f\000a\000c\000e}{section.1.6}% 35
\BOOKMARK [1][-]{section.1.7}{\376\377\000C\000o\000n\000c\000l\000u\000s\000i\000o\000n}{chapter.1}% 36
\BOOKMARK [0][-]{chapter.2}{\376\377\000S\000y\000s\000t\000e\000m\000\040\000D\000e\000s\000i\000g\000n}{}% 37
\BOOKMARK [1][-]{section.2.1}{\376\377\000I\000n\000t\000r\000o\000d\000u\000c\000t\000i\000o\000n}{chapter.2}% 38
\BOOKMARK [1][-]{section.2.2}{\376\377\000C\000l\000a\000s\000s\000\040\000D\000i\000a\000g\000r\000a\000m}{chapter.2}% 39
\BOOKMARK [1][-]{section.2.3}{\376\377\000G\000l\000o\000b\000a\000l\000\040\000A\000c\000t\000i\000v\000i\000t\000y\000\040\000D\000i\000a\000g\000r\000a\000m}{chapter.2}% 40
\BOOKMARK [1][-]{section.2.4}{\376\377\000D\000a\000t\000a\000b\000a\000s\000e\000\040\000D\000e\000s\000i\000g\000n}{chapter.2}% 41
\BOOKMARK [2][-]{subsection.2.4.1}{\376\377\000O\000b\000j\000e\000c\000t\000-\000R\000e\000l\000a\000t\000i\000o\000n\000a\000l\000\040\000M\000a\000p\000p\000i\000n\000g\000\040\000R\000u\000l\000e\000s}{section.2.4}% 42
\BOOKMARK [2][-]{subsection.2.4.2}{\376\377\000R\000e\000l\000a\000t\000i\000o\000n\000a\000l\000\040\000S\000c\000h\000e\000m\000a}{section.2.4}% 43
\BOOKMARK [2][-]{subsection.2.4.3}{\376\377\000F\000a\000r\000m\000e\000r\000\040\000I\000n\000t\000e\000r\000f\000a\000c\000e\000s}{section.2.4}% 44
\BOOKMARK [2][-]{subsection.2.4.4}{\376\377\000B\000u\000y\000e\000r\000\040\000I\000n\000t\000e\000r\000f\000a\000c\000e\000s}{section.2.4}% 45
\BOOKMARK [2][-]{subsection.2.4.5}{\376\377\000T\000r\000a\000n\000s\000p\000o\000r\000t\000e\000r\000\040\000I\000n\000t\000e\000r\000f\000a\000c\000e\000s}{section.2.4}% 46
\BOOKMARK [2][-]{subsection.2.4.6}{\376\377\000M\000i\000n\000i\000s\000t\000r\000y\000\040\000I\000n\000t\000e\000r\000f\000a\000c\000e\000s}{section.2.4}% 47
\BOOKMARK [1][-]{section.2.5}{\376\377\000D\000e\000p\000l\000o\000y\000m\000e\000n\000t\000\040\000D\000i\000a\000g\000r\000a\000m}{chapter.2}% 48
\BOOKMARK [1][-]{section.2.6}{\376\377\000T\000e\000c\000h\000n\000o\000l\000o\000g\000i\000e\000s\000\040\000U\000s\000e\000d\000\040\000a\000n\000d\000\040\000S\000o\000u\000r\000c\000e\000\040\000C\000o\000d\000e\000\040\000A\000c\000c\000e\000s\000s}{chapter.2}% 49
\BOOKMARK [2][-]{subsection.2.6.1}{\376\377\000\040\000T\000e\000c\000h\000n\000o\000l\000o\000g\000i\000e\000s\000\040\000U\000s\000e\000d}{section.2.6}% 50
\BOOKMARK [2][-]{subsection.2.6.2}{\376\377\000\040\000S\000o\000u\000r\000c\000e\000\040\000C\000o\000d\000e\000\040\000D\000e\000s\000c\000r\000i\000p\000t\000i\000o\000n}{section.2.6}% 51
\BOOKMARK [2][-]{subsection.2.6.3}{\376\377\000\040\000A\000c\000c\000e\000s\000s\000\040\000t\000o\000\040\000t\000h\000e\000\040\000P\000r\000o\000j\000e\000c\000t\000\040\000R\000e\000p\000o\000s\000i\000t\000o\000r\000y}{section.2.6}% 52
\BOOKMARK [1][-]{section.2.7}{\376\377\000C\000o\000n\000c\000l\000u\000s\000i\000o\000n}{chapter.2}% 53
