This is XeTeX, Version 3.141592653-2.6-0.999998 (MiKTeX 26.1) (preloaded format=xelatex 2026.5.17)  17 MAY 2026 22:00
entering extended mode
 restricted \write18 enabled.
 %&-line parsing enabled.
**./Main.tex
(Main.tex
LaTeX2e <2025-11-01>
L3 programming layer <2026-01-19>
(C:\Program Files\MiKTeX\tex/latex/base\report.cls
Document Class: report 2025/01/22 v1.4n Standard LaTeX document class
(C:\Program Files\MiKTeX\tex/latex/base\size12.clo
File: size12.clo 2025/01/22 v1.4n Standard LaTeX file (size option)
)
\c@part=\count271
\c@chapter=\count272
\c@section=\count273
\c@subsection=\count274
\c@subsubsection=\count275
\c@paragraph=\count276
\c@subparagraph=\count277
\c@figure=\count278
\c@table=\count279
\abovecaptionskip=\skip49
\belowcaptionskip=\skip50
\bibindent=\dimen148
) (settings.tex
(C:\Program Files\MiKTeX\tex/latex/geometry\geometry.sty
Package: geometry 2020/01/02 v5.9 Page Geometry

(C:\Program Files\MiKTeX\tex/latex/graphics\keyval.sty
Package: keyval 2022/05/29 v1.15 key=value parser (DPC)
\KV@toks@=\toks17
)
(C:\Program Files\MiKTeX\tex/generic/iftex\ifvtex.sty
Package: ifvtex 2019/10/25 v1.7 ifvtex legacy package. Use iftex instead.

(C:\Program Files\MiKTeX\tex/generic/iftex\iftex.sty
Package: iftex 2024/12/12 v1.0g TeX engine tests
))
\Gm@cnth=\count280
\Gm@cntv=\count281
\c@Gm@tempcnt=\count282
\Gm@bindingoffset=\dimen149
\Gm@wd@mp=\dimen150
\Gm@odd@mp=\dimen151
\Gm@even@mp=\dimen152
\Gm@layoutwidth=\dimen153
\Gm@layoutheight=\dimen154
\Gm@layouthoffset=\dimen155
\Gm@layoutvoffset=\dimen156
\Gm@dimlist=\toks18

(C:\Program Files\MiKTeX\tex/latex/geometry\geometry.cfg))
(C:\Program Files\MiKTeX\tex/latex/fontspec\fontspec.sty
(C:\Program Files\MiKTeX\tex/latex/l3packages/xparse\xparse.sty
(C:\Program Files\MiKTeX\tex/latex/l3kernel\expl3.sty
Package: expl3 2026-01-19 L3 programming layer (loader) 

(C:\Program Files\MiKTeX\tex/latex/l3backend\l3backend-xetex.def
File: l3backend-xetex.def 2025-10-09 L3 backend support: XeTeX
\g__graphics_track_int=\count283
\g__pdfannot_backend_int=\count284
\g__pdfannot_backend_link_int=\count285
))
Package: xparse 2025-10-09 L3 Experimental document command parser
)
Package: fontspec 2025/09/29 v2.9g Font selection for XeLaTeX and LuaLaTeX

(C:\Program Files\MiKTeX\tex/latex/fontspec\fontspec-xetex.sty
Package: fontspec-xetex 2025/09/29 v2.9g Font selection for XeLaTeX and LuaLaTe
X
\l__fontspec_script_int=\count286
\l__fontspec_language_int=\count287
\l__fontspec_strnum_int=\count288
\l__fontspec_tmp_int=\count289
\l__fontspec_tmpa_int=\count290
\l__fontspec_tmpb_int=\count291
\l__fontspec_tmpc_int=\count292
\l__fontspec_em_int=\count293
\l__fontspec_emdef_int=\count294
\l__fontspec_strong_int=\count295
\l__fontspec_strongdef_int=\count296
\l__fontspec_tmpa_dim=\dimen157
\l__fontspec_tmpb_dim=\dimen158
\l__fontspec_tmpc_dim=\dimen159

(C:\Program Files\MiKTeX\tex/latex/base\fontenc.sty
Package: fontenc 2025/07/18 v2.1d Standard LaTeX package
)
(C:\Program Files\MiKTeX\tex/latex/fontspec\fontspec.cfg)))
(C:\Program Files\MiKTeX\tex/latex/polyglossia\polyglossia.sty
Package: polyglossia 2026/04/18 v2.10 Modern multilingual typesetting with XeLa
TeX and LuaLaTeX

(C:\Program Files\MiKTeX\tex/latex/etoolbox\etoolbox.sty
Package: etoolbox 2025/10/02 v2.5m e-TeX tools for LaTeX (JAW)
\etb@tempcnta=\count297
)
\l_xpg_alias_keyvals_int=\count298

(C:\Program Files\MiKTeX\tex/latex/polyglossia\gloss-latex.ldf
File: gloss-latex.ldf polyglossia: module for default language
))
(C:\Program Files\MiKTeX\tex/latex/polyglossia\gloss-english.ldf
File: gloss-english.ldf polyglossia: module for English
)

Package polyglossia Info: Default language is english


(C:\Program Files\MiKTeX\tex/latex/polyglossia\gloss-arabic.ldf
File: gloss-arabic.ldf polyglossia: module for Arabic

(C:\Program Files\MiKTeX\tex/latex/bidi\bidi.sty
Package: bidi 2026/01/08 v26.01.08 (Release Iran) Bidirectional typesetting in 
plain TeX and LaTeX

****************************************************
* 
* bidi package (Bidirectional typesetting with
* plain TeX and LaTeX formats in XeTeX and LuaTeX engines)
* 
* Description: A convenient interface for
* typesetting bidirectional texts in plain TeX
* and LaTeX. The package includes adaptations
* for use with many other commonly-used packages.
* 
* Copyright (c) 2007--2026 Vafa Khalighi
* Copyright (c) 2018--2020 bidi-tex GitHub organization
* 
* v26.01.08 (Release Iran), 2026/01/08
* 
* License: LaTeX Project Public License, version
* 1.3c or higher (your choice)
* 
* Location on CTAN: /macros/unicodetex/generic/bidi
* 
* Issue tracker: https://github.com/xepersian/bidi/issues
* 
* Primary author of bidi package: Vafa Khalighi.
* 
****************************************************
(C:\Program Files\MiKTeX\tex/latex/bidi\biditools.sty
Package: biditools 2025/12/19 v2.9 Programming tools for bidi package
\@bidi@envbody=\toks19
\@bidi@emptytoks=\toks20
\bidi@poscount=\count299
\bidi@tempcountb=\count300
\bidi@temptoksa=\toks21
\bidi@temptoksb=\toks22
\bidi@dummies=\count301
\bidi@are@these@correct=\toks23
\bidi@toks@lista=\toks24
\bidi@toks@listb=\toks25
\bidi@stack@length=\count302
\bidi@empty@stack=\toks26
\bidi@looprepeat@depth=\count303
)
(C:\Program Files\MiKTeX\tex/latex/zref\zref-abspage.sty
Package: zref-abspage 2026-03-07 v2.37 Module abspage for zref (HO)

(C:\Program Files\MiKTeX\tex/latex/zref\zref-base.sty
Package: zref-base 2026-03-07 v2.37 Module base for zref (HO)

(C:\Program Files\MiKTeX\tex/generic/ltxcmds\ltxcmds.sty
Package: ltxcmds 2023-12-04 v1.26 LaTeX kernel commands for general use (HO)
)
(C:\Program Files\MiKTeX\tex/generic/infwarerr\infwarerr.sty
Package: infwarerr 2019/12/03 v1.5 Providing info/warning/error messages (HO)
)
(C:\Program Files\MiKTeX\tex/latex/kvsetkeys\kvsetkeys.sty
Package: kvsetkeys 2022-10-05 v1.19 Key value parser (HO)
)
(C:\Program Files\MiKTeX\tex/generic/kvdefinekeys\kvdefinekeys.sty
Package: kvdefinekeys 2019-12-19 v1.6 Define keys (HO)
)
(C:\Program Files\MiKTeX\tex/generic/pdftexcmds\pdftexcmds.sty
Package: pdftexcmds 2020-06-27 v0.33 Utility functions of pdfTeX for LuaTeX (HO
)
Package pdftexcmds Info: \pdf@primitive is available.
Package pdftexcmds Info: \pdf@ifprimitive is available.
Package pdftexcmds Info: \pdfdraftmode not found.
)
(C:\Program Files\MiKTeX\tex/generic/etexcmds\etexcmds.sty
Package: etexcmds 2019/12/15 v1.7 Avoid name clashes with e-TeX commands (HO)
)
(C:\Program Files\MiKTeX\tex/latex/auxhook\auxhook.sty
Package: auxhook 2019-12-17 v1.6 Hooks for auxiliary files (HO)
)
Package zref Info: New property list: main on input line 767.
Package zref Info: New property: default on input line 768.
Package zref Info: New property: page on input line 769.
)
\c@abspage=\count304
Package zref Info: New property: abspage on input line 67.
)
\@bidi@copyins@=\insert252
\bidi@typesethour=\count305
\bidi@typesetminute=\count306

(C:\Program Files\MiKTeX\tex/latex/bidi\latex-xetex-bidi.def
File: latex-xetex-bidi.def 2025/12/19 v1.5.6 bidi adaptations for `latex.ltx' f
or XeTeX engine
\bidi@n@everypar=\toks27
LaTeX Info: Redefining \centerline on input line 317.
LaTeX Info: Redefining \leftline on input line 326.
LaTeX Info: Redefining \rightline on input line 327.
LaTeX Info: Redefining \underline on input line 335.
\bidi@column@check@number=\count307

(C:\Program Files\MiKTeX\tex/latex/bidi\footnote-xetex-bidi.def
File: footnote-xetex-bidi.def 2025/09/30 v1.6 bidi footnote macros for XeTeX en
gine
\c@footdir@label=\count308
\footdir@toks=\toks28
)
(C:\Program Files\MiKTeX\tex/latex/bidi\report-xetex-bidi.def
File: report-xetex-bidi.def 2025/12/19 v1.3 bidi adaptations for standard repor
t class for XeTeX engine
)
(C:\Program Files\MiKTeX\tex/latex/bidi\geometry-xetex-bidi.def
File: geometry-xetex-bidi.def 2017/01/14 v0.2 bidi adaptations for geometry pac
kage for XeTeX engine
))
\bidi@digits=\count309
\bidi@digits@charclass=\XeTeXcharclass1
\bidi@sepmark@charclass=\XeTeXcharclass2
)
(C:\Program Files\MiKTeX\tex/latex/polyglossia\arabicnumbers.sty
Package: arabicnumbers 2010/03/18 v0.2 Formatting of Arabic and Farsi digits an
d of Arabic abjad numerals
)
(C:\Program Files\MiKTeX\tex/latex/polyglossia\hijrical.sty
Package: hijrical 2010/07/12 v0.2 Islamic calendar

(C:\Program Files\MiKTeX\tex/latex/tools\calc.sty
Package: calc 2025/03/01 v4.3b Infix arithmetic (KKT,FJ)
\calc@Acount=\count310
\calc@Bcount=\count311
\calc@Adimen=\dimen160
\calc@Bdimen=\dimen161
\calc@Askip=\skip51
\calc@Bskip=\skip52
LaTeX Info: Redefining \setlength on input line 86.
LaTeX Info: Redefining \addtolength on input line 87.
\calc@Ccount=\count312
\calc@Cskip=\skip53
)
(C:\Program Files\MiKTeX\tex/latex/polyglossia\cal-util.def
\c@tmpA=\count313
\c@tmpB=\count314
\c@tmpC=\count315
\c@tmpD=\count316
\c@tmpE=\count317
\c@tmpF=\count318
)
\c@Hijriday=\count319
\c@Hijrimonth=\count320
\c@Hijriyear=\count321
))

Package fontspec Info: 
(fontspec)             Font family 'Arial(0)' created for font 'Arial' with
(fontspec)             options [Script=Arabic].
(fontspec)              
(fontspec)              This font family consists of the following NFSS
(fontspec)             series/shapes:
(fontspec)              
(fontspec)             - 'normal' (m/n) with NFSS spec.:
(fontspec)             <->"Arial/OT:script=arab;language=dflt;"
(fontspec)             - 'small caps'  (m/sc) with NFSS spec.:
(fontspec)             <->"Arial/OT:script=arab;language=dflt;+smcp;"
(fontspec)             - 'bold' (b/n) with NFSS spec.:
(fontspec)             <->"Arial/B/OT:script=arab;language=dflt;"
(fontspec)             - 'bold small caps'  (b/sc) with NFSS spec.:
(fontspec)             <->"Arial/B/OT:script=arab;language=dflt;+smcp;"
(fontspec)             - 'italic' (m/it) with NFSS spec.:
(fontspec)             <->"Arial/I/OT:script=arab;language=dflt;"
(fontspec)             - 'italic small caps'  (m/scit) with NFSS spec.:
(fontspec)             <->"Arial/I/OT:script=arab;language=dflt;+smcp;"
(fontspec)             - 'bold italic' (b/it) with NFSS spec.:
(fontspec)             <->"Arial/BI/OT:script=arab;language=dflt;"
(fontspec)             - 'bold italic small caps'  (b/scit) with NFSS spec.:
(fontspec)             <->"Arial/BI/OT:script=arab;language=dflt;+smcp;"


(C:\Program Files\MiKTeX\tex/latex/graphics\graphicx.sty
Package: graphicx 2024/12/31 v1.2e Enhanced LaTeX Graphics (DPC,SPQR)

(C:\Program Files\MiKTeX\tex/latex/graphics\graphics.sty
Package: graphics 2024/08/06 v1.4g Standard LaTeX Graphics (DPC,SPQR)

(C:\Program Files\MiKTeX\tex/latex/graphics\trig.sty
Package: trig 2023/12/02 v1.11 sin cos tan (DPC)
)
(C:\Program Files\MiKTeX\tex/latex/graphics-cfg\graphics.cfg
File: graphics.cfg 2016/06/04 v1.11 sample graphics configuration
)
Package graphics Info: Driver file: xetex.def on input line 106.

(C:\Program Files\MiKTeX\tex/latex/graphics-def\xetex.def
File: xetex.def 2025/11/01 v5.0p Graphics/color driver for xetex
))
\Gin@req@height=\dimen162
\Gin@req@width=\dimen163
)
(C:\Program Files\MiKTeX\tex/latex/bidi\graphicx-xetex-bidi.def
File: graphicx-xetex-bidi.def 2017/06/17 v0.5 bidi adaptations for graphicx pac
kage for XeTeX engine
)
(C:\Program Files\MiKTeX\tex/latex/setspace\setspace.sty
Package: setspace 2022/12/04 v6.7b set line spacing
)
(C:\Program Files\MiKTeX\tex/latex/amsmath\amsmath.sty
Package: amsmath 2025/07/09 v2.17z AMS math features
\@mathmargin=\skip54

For additional information on amsmath, use the `?' option.
(C:\Program Files\MiKTeX\tex/latex/amsmath\amstext.sty
Package: amstext 2024/11/17 v2.01 AMS text

(C:\Program Files\MiKTeX\tex/latex/amsmath\amsgen.sty
File: amsgen.sty 1999/11/30 v2.0 generic functions
\@emptytoks=\toks29
\ex@=\dimen164
))
(C:\Program Files\MiKTeX\tex/latex/bidi\amstext-xetex-bidi.def
File: amstext-xetex-bidi.def 2016/09/12 v0.2 bidi adaptations for amstext packa
ge for XeTeX engine
)
(C:\Program Files\MiKTeX\tex/latex/amsmath\amsbsy.sty
Package: amsbsy 1999/11/29 v1.2d Bold Symbols
\pmbraise@=\dimen165
)
(C:\Program Files\MiKTeX\tex/latex/amsmath\amsopn.sty
Package: amsopn 2022/04/08 v2.04 operator names
)
\inf@bad=\count322
LaTeX Info: Redefining \frac on input line 233.
\uproot@=\count323
\leftroot@=\count324
LaTeX Info: Redefining \overline on input line 398.
LaTeX Info: Redefining \colon on input line 409.
\classnum@=\count325
\DOTSCASE@=\count326
LaTeX Info: Redefining \ldots on input line 495.
LaTeX Info: Redefining \dots on input line 498.
LaTeX Info: Redefining \cdots on input line 619.
\Mathstrutbox@=\box53
\strutbox@=\box54
LaTeX Info: Redefining \big on input line 721.
LaTeX Info: Redefining \Big on input line 722.
LaTeX Info: Redefining \bigg on input line 723.
LaTeX Info: Redefining \Bigg on input line 724.
\big@size=\dimen166
LaTeX Font Info:    Redeclaring font encoding OML on input line 742.
LaTeX Font Info:    Redeclaring font encoding OMS on input line 743.
\macc@depth=\count327
LaTeX Info: Redefining \bmod on input line 904.
LaTeX Info: Redefining \pmod on input line 909.
LaTeX Info: Redefining \smash on input line 939.
LaTeX Info: Redefining \relbar on input line 969.
LaTeX Info: Redefining \Relbar on input line 970.
\c@MaxMatrixCols=\count328
\dotsspace@=\muskip17
\c@parentequation=\count329
\dspbrk@lvl=\count330
\tag@help=\toks30
\row@=\count331
\column@=\count332
\maxfields@=\count333
\andhelp@=\toks31
\eqnshift@=\dimen167
\alignsep@=\dimen168
\tagshift@=\dimen169
\tagwidth@=\dimen170
\totwidth@=\dimen171
\lineht@=\dimen172
\@envbody=\toks32
\multlinegap=\skip55
\multlinetaggap=\skip56
\mathdisplay@stack=\toks33
LaTeX Info: Redefining \[ on input line 2950.
LaTeX Info: Redefining \] on input line 2951.
)
(C:\Program Files\MiKTeX\tex/latex/bidi\amsmath-xetex-bidi.def
File: amsmath-xetex-bidi.def 2020/05/16 v1.2 bidi adaptations for amsmath packa
ge for XeTeX engine
)
(C:\Program Files\MiKTeX\tex/latex/amsfonts\amssymb.sty
Package: amssymb 2013/01/14 v3.01 AMS font symbols

(C:\Program Files\MiKTeX\tex/latex/amsfonts\amsfonts.sty
Package: amsfonts 2013/01/14 v3.01 Basic AMSFonts support
\symAMSa=\mathgroup4
\symAMSb=\mathgroup5
LaTeX Font Info:    Redeclaring math symbol \hbar on input line 98.
LaTeX Font Info:    Overwriting math alphabet `\mathfrak' in version `bold'
(Font)                  U/euf/m/n --> U/euf/b/n on input line 106.
))
(C:\Program Files\MiKTeX\tex/latex/titlesec\titlesec.sty
Package: titlesec 2025/01/04 v2.17 Sectioning titles
\ttl@box=\box55
\beforetitleunit=\skip57
\aftertitleunit=\skip58
\ttl@plus=\dimen173
\ttl@minus=\dimen174
\ttl@toksa=\toks34
\titlewidth=\dimen175
\titlewidthlast=\dimen176
\titlewidthfirst=\dimen177
)
(C:\Program Files\MiKTeX\tex/latex/bidi\titlesec-xetex-bidi.def
File: titlesec-xetex-bidi.def 2010/07/25 v0.1 bidi adaptations for titlesec pac
kage for XeTeX engine
)
(C:\Program Files\MiKTeX\tex/latex/caption\caption.sty
Package: caption 2023/08/05 v3.6o Customizing captions (AR)

(C:\Program Files\MiKTeX\tex/latex/caption\caption3.sty
Package: caption3 2023/07/31 v2.4d caption3 kernel (AR)
\caption@tempdima=\dimen178
\captionmargin=\dimen179
\caption@leftmargin=\dimen180
\caption@rightmargin=\dimen181
\caption@width=\dimen182
\caption@indent=\dimen183
\caption@parindent=\dimen184
\caption@hangindent=\dimen185
Package caption Info: Unknown document class (or package),
(caption)             standard defaults will be used.
Package caption Info: \@makecaption = \long macro:#1#2->\vskip \abovecaptionski
p \sbox \@tempboxa {#1: #2}\ifdim \wd \@tempboxa >\hsize \if@RTL \beginR \fi #1
: #2\if@RTL \endR \fi \par \else \global \@minipagefalse \hb@xt@ \hsize {\if@RT
L \beginR \fi \hfil \box \@tempboxa \hfil \if@RTL \endR \fi }\fi \vskip \belowc
aptionskip  on input line 1175.
)
(C:\Program Files\MiKTeX\tex/latex/bidi\caption3-xetex-bidi.def
File: caption3-xetex-bidi.def 2013/04/01 v0.1 bidi adaptations for caption3 pac
kage for XeTeX engine
)

Package caption Warning: Unknown document class (or package),
(caption)                standard defaults will be used.
See the caption package documentation for explanation.

\c@caption@flags=\count334
\c@continuedfloat=\count335
) (C:\Program Files\MiKTeX\tex/latex/bidi\caption-xetex-bidi.def
File: caption-xetex-bidi.def 2010/07/25 v0.1 bidi adaptations for caption packa
ge for XeTeX engine
)
(C:\Program Files\MiKTeX\tex/latex/csquotes\csquotes.sty
Package: csquotes 2024-04-04 v5.2o context-sensitive quotations (JAW)
\csq@reset=\count336
\csq@gtype=\count337
\csq@glevel=\count338
\csq@qlevel=\count339
\csq@maxlvl=\count340
\csq@tshold=\count341
\csq@ltx@everypar=\toks35

(C:\Program Files\MiKTeX\tex/latex/csquotes\csquotes.def
File: csquotes.def 2024-04-04 v5.2o csquotes generic definitions (JAW)
)
Package csquotes Info: Trying to load configuration file 'csquotes.cfg'...
Package csquotes Info: ... configuration file loaded successfully.

(C:\Program Files\MiKTeX\tex/latex/csquotes\csquotes.cfg
File: csquotes.cfg 
))
(C:\Program Files\MiKTeX\tex/latex/biblatex\biblatex.sty
Package: biblatex 2025/07/10 v3.21 programmable bibliographies (PK/MW)

(C:\Program Files\MiKTeX\tex/latex/kvoptions\kvoptions.sty
Package: kvoptions 2022-06-15 v3.15 Key value format for package options (HO)
)
(C:\Program Files\MiKTeX\tex/latex/logreq\logreq.sty
Package: logreq 2010/08/04 v1.0 xml request logger
\lrq@indent=\count342

(C:\Program Files\MiKTeX\tex/latex/logreq\logreq.def
File: logreq.def 2010/08/04 v1.0 logreq spec v1.0
))
(C:\Program Files\MiKTeX\tex/latex/base\ifthen.sty
Package: ifthen 2024/03/16 v1.1e Standard LaTeX ifthen package (DPC)
)
(C:\Program Files\MiKTeX\tex/latex/url\url.sty
\Urlmuskip=\muskip18
Package: url 2013/09/16  ver 3.4  Verb mode for urls, etc.
)
\c@tabx@nest=\count343
\c@listtotal=\count344
\c@listcount=\count345
\c@liststart=\count346
\c@liststop=\count347
\c@citecount=\count348
\c@citetotal=\count349
\c@multicitecount=\count350
\c@multicitetotal=\count351
\c@instcount=\count352
\c@maxnames=\count353
\c@minnames=\count354
\c@maxitems=\count355
\c@minitems=\count356
\c@citecounter=\count357
\c@maxcitecounter=\count358
\c@savedcitecounter=\count359
\c@uniquelist=\count360
\c@uniquename=\count361
\c@refsection=\count362
\c@refsegment=\count363
\c@maxextratitle=\count364
\c@maxextratitleyear=\count365
\c@maxextraname=\count366
\c@maxextradate=\count367
\c@maxextraalpha=\count368
\c@abbrvpenalty=\count369
\c@highnamepenalty=\count370
\c@lownamepenalty=\count371
\c@maxparens=\count372
\c@parenlevel=\count373
\blx@tempcnta=\count374
\blx@tempcntb=\count375
\blx@tempcntc=\count376
\c@blx@maxsection=\count377
\blx@maxsegment@0=\count378
\blx@notetype=\count379
\blx@parenlevel@text=\count380
\blx@parenlevel@foot=\count381
\blx@sectionciteorder@0=\count382
\blx@sectionciteorderinternal@0=\count383
\blx@entrysetcounter=\count384
\blx@biblioinstance=\count385
\labelnumberwidth=\skip59
\labelalphawidth=\skip60
\biblabelsep=\skip61
\bibitemsep=\skip62
\bibnamesep=\skip63
\bibinitsep=\skip64
\bibparsep=\skip65
\bibhang=\skip66
\blx@bcfin=\read2
\blx@bcfout=\write3
\blx@langwohyphens=\language79
\c@mincomprange=\count386
\c@maxcomprange=\count387
\c@mincompwidth=\count388
Package biblatex Info: Trying to load biblatex default data model...
Package biblatex Info: ... file 'blx-dm.def' found.

(C:\Program Files\MiKTeX\tex/latex/biblatex\blx-dm.def
File: blx-dm.def 2025/07/10 v3.21 biblatex datamodel (PK/MW)
)
Package biblatex Info: Trying to load biblatex style data model...
Package biblatex Info: ... file 'ieee.dbx' not found.
Package biblatex Info: Trying to load biblatex custom data model...
Package biblatex Info: ... file 'biblatex-dm.cfg' not found.
\c@afterword=\count389
\c@savedafterword=\count390
\c@annotator=\count391
\c@savedannotator=\count392
\c@author=\count393
\c@savedauthor=\count394
\c@bookauthor=\count395
\c@savedbookauthor=\count396
\c@commentator=\count397
\c@savedcommentator=\count398
\c@editor=\count399
\c@savededitor=\count400
\c@editora=\count401
\c@savededitora=\count402
\c@editorb=\count403
\c@savededitorb=\count404
\c@editorc=\count405
\c@savededitorc=\count406
\c@foreword=\count407
\c@savedforeword=\count408
\c@holder=\count409
\c@savedholder=\count410
\c@introduction=\count411
\c@savedintroduction=\count412
\c@namea=\count413
\c@savednamea=\count414
\c@nameb=\count415
\c@savednameb=\count416
\c@namec=\count417
\c@savednamec=\count418
\c@translator=\count419
\c@savedtranslator=\count420
\c@shortauthor=\count421
\c@savedshortauthor=\count422
\c@shorteditor=\count423
\c@savedshorteditor=\count424
\c@labelname=\count425
\c@savedlabelname=\count426
\c@institution=\count427
\c@savedinstitution=\count428
\c@lista=\count429
\c@savedlista=\count430
\c@listb=\count431
\c@savedlistb=\count432
\c@listc=\count433
\c@savedlistc=\count434
\c@listd=\count435
\c@savedlistd=\count436
\c@liste=\count437
\c@savedliste=\count438
\c@listf=\count439
\c@savedlistf=\count440
\c@location=\count441
\c@savedlocation=\count442
\c@organization=\count443
\c@savedorganization=\count444
\c@origlocation=\count445
\c@savedoriglocation=\count446
\c@origpublisher=\count447
\c@savedorigpublisher=\count448
\c@publisher=\count449
\c@savedpublisher=\count450
\c@language=\count451
\c@savedlanguage=\count452
\c@origlanguage=\count453
\c@savedoriglanguage=\count454
\c@pageref=\count455
\c@savedpageref=\count456
\shorthandwidth=\skip67
\shortjournalwidth=\skip68
\shortserieswidth=\skip69
\shorttitlewidth=\skip70
\shortauthorwidth=\skip71
\shorteditorwidth=\skip72
\locallabelnumberwidth=\skip73
\locallabelalphawidth=\skip74
\localshorthandwidth=\skip75
\localshortjournalwidth=\skip76
\localshortserieswidth=\skip77
\localshorttitlewidth=\skip78
\localshortauthorwidth=\skip79
\localshorteditorwidth=\skip80
Package biblatex Info: Trying to load enhanced support for Unicode engines...
Package biblatex Info: ... file 'blx-unicode.def' found.

(C:\Program Files\MiKTeX\tex/latex/biblatex\blx-unicode.def)
Package biblatex Info: Trying to load compatibility code...
Package biblatex Info: ... file 'blx-compat.def' found.

(C:\Program Files\MiKTeX\tex/latex/biblatex\blx-compat.def
File: blx-compat.def 2025/07/10 v3.21 biblatex compatibility (PK/MW)
)
Package biblatex Info: Trying to load generic definitions...
Package biblatex Info: ... file 'biblatex.def' found.

(C:\Program Files\MiKTeX\tex/latex/biblatex\biblatex.def
File: biblatex.def 2025/07/10 v3.21 biblatex compatibility (PK/MW)
\c@textcitecount=\count457
\c@textcitetotal=\count458
\c@textcitemaxnames=\count459
\c@biburlbigbreakpenalty=\count460
\c@biburlbreakpenalty=\count461
\c@biburlnumpenalty=\count462
\c@biburlucpenalty=\count463
\c@biburllcpenalty=\count464
\biburlbigskip=\muskip19
\biburlnumskip=\muskip20
\biburlucskip=\muskip21
\biburllcskip=\muskip22
\c@smartand=\count465
)
Package biblatex Info: Trying to load bibliography style 'ieee'...
Package biblatex Info: ... file 'ieee.bbx' found.

(C:\Program Files\MiKTeX\tex/latex/biblatex-ieee\ieee.bbx
File: ieee.bbx 2025-08-01 v1.4f biblatex bibliography style
Package biblatex Info: Trying to load bibliography style 'numeric-comp'...
Package biblatex Info: ... file 'numeric-comp.bbx' found.

(C:\Program Files\MiKTeX\tex/latex/biblatex/bbx\numeric-comp.bbx
File: numeric-comp.bbx 2025/07/10 v3.21 biblatex bibliography style (PK/MW)
Package biblatex Info: Trying to load bibliography style 'numeric'...
Package biblatex Info: ... file 'numeric.bbx' found.

(C:\Program Files\MiKTeX\tex/latex/biblatex/bbx\numeric.bbx
File: numeric.bbx 2025/07/10 v3.21 biblatex bibliography style (PK/MW)
Package biblatex Info: Trying to load bibliography style 'standard'...
Package biblatex Info: ... file 'standard.bbx' found.

(C:\Program Files\MiKTeX\tex/latex/biblatex/bbx\standard.bbx
File: standard.bbx 2025/07/10 v3.21 biblatex bibliography style (PK/MW)
\c@bbx:relatedcount=\count466
\c@bbx:relatedtotal=\count467
))))
Package biblatex Info: Trying to load citation style 'ieee'...
Package biblatex Info: ... file 'ieee.cbx' found.

(C:\Program Files\MiKTeX\tex/latex/biblatex-ieee\ieee.cbx
File: ieee.cbx 2025-08-01 v1.4f biblatex citation style
Package biblatex Info: Trying to load citation style 'numeric-verb'...
Package biblatex Info: ... file 'numeric-verb.cbx' found.

(C:\Program Files\MiKTeX\tex/latex/biblatex/cbx\numeric-verb.cbx
File: numeric-verb.cbx 2025/07/10 v3.21 biblatex citation style (PK/MW)
Package biblatex Info: Redefining '\cite'.
Package biblatex Info: Redefining '\parencite'.
Package biblatex Info: Redefining '\footcite'.
Package biblatex Info: Redefining '\footcitetext'.
Package biblatex Info: Redefining '\smartcite'.
Package biblatex Info: Redefining '\textcite'.
Package biblatex Info: Redefining '\supercite'.
Package biblatex Info: Redefining '\parencites'.
Package biblatex Info: Redefining '\smartcites'.
Package biblatex Info: Redefining '\textcites'.
))
Package biblatex Info: Trying to load configuration file...
Package biblatex Info: ... file 'biblatex.cfg' found.

(C:\Program Files\MiKTeX\tex/latex/biblatex\biblatex.cfg
File: biblatex.cfg 
)
Package biblatex Info: XeTeX detected.
(biblatex)             Assuming input encoding 'utf8'.
Package biblatex Info: Document encoding is UTF8 ....
Package biblatex Info: ... and expl3
(biblatex)             2026-01-19 L3 programming layer (loader) 
(biblatex)             is new enough (at least 2020/04/06),
(biblatex)             setting 'casechanger=expl3'.

(C:\Program Files\MiKTeX\tex/latex/biblatex\blx-case-expl3.sty
Package: blx-case-expl3 2025/07/10 v3.21 expl3 case changing code for biblatex
))
(C:\Program Files\MiKTeX\tex/latex/hyperref\hyperref.sty
Package: hyperref 2026-01-29 v7.01p Hypertext links for LaTeX

(C:\Program Files\MiKTeX\tex/generic/pdfescape\pdfescape.sty
Package: pdfescape 2019/12/09 v1.15 Implements pdfTeX's escape features (HO)
)
(C:\Program Files\MiKTeX\tex/latex/hycolor\hycolor.sty
Package: hycolor 2020-01-27 v1.10 Color options for hyperref/bookmark (HO)
)
(C:\Program Files\MiKTeX\tex/latex/hyperref\nameref.sty
Package: nameref 2026-01-29 v2.58 Cross-referencing by name of section

(C:\Program Files\MiKTeX\tex/latex/refcount\refcount.sty
Package: refcount 2019/12/15 v3.6 Data extraction from label references (HO)
)
(C:\Program Files\MiKTeX\tex/generic/gettitlestring\gettitlestring.sty
Package: gettitlestring 2019/12/15 v1.6 Cleanup title references (HO)
)
\c@section@level=\count468
)
(C:\Program Files\MiKTeX\tex/generic/stringenc\stringenc.sty
Package: stringenc 2019/11/29 v1.12 Convert strings between diff. encodings (HO
)
)
\@linkdim=\dimen186
\Hy@linkcounter=\count469
\Hy@pagecounter=\count470

(C:\Program Files\MiKTeX\tex/latex/hyperref\pd1enc.def
File: pd1enc.def 2026-01-29 v7.01p Hyperref: PDFDocEncoding definition (HO)
)
(C:\Program Files\MiKTeX\tex/generic/intcalc\intcalc.sty
Package: intcalc 2019/12/15 v1.3 Expandable calculations with integers (HO)
)
\Hy@SavedSpaceFactor=\count471

(C:\Program Files\MiKTeX\tex/latex/hyperref\puenc.def
File: puenc.def 2026-01-29 v7.01p Hyperref: PDF Unicode definition (HO)
)
Package hyperref Info: Hyper figures OFF on input line 4201.
Package hyperref Info: Link nesting OFF on input line 4206.
Package hyperref Info: Hyper index ON on input line 4209.
Package hyperref Info: Plain pages OFF on input line 4216.
Package hyperref Info: Backreferencing OFF on input line 4221.
Package hyperref Info: Implicit mode ON; LaTeX internals redefined.
Package hyperref Info: Bookmarks ON on input line 4468.
\c@Hy@tempcnt=\count472
LaTeX Info: Redefining \url on input line 4807.
\XeTeXLinkMargin=\dimen187

(C:\Program Files\MiKTeX\tex/generic/bitset\bitset.sty
Package: bitset 2019/12/09 v1.3 Handle bit-vector datatype (HO)

(C:\Program Files\MiKTeX\tex/generic/bigintcalc\bigintcalc.sty
Package: bigintcalc 2019/12/15 v1.5 Expandable calculations on big integers (HO
)
))
\Fld@menulength=\count473
\Field@Width=\dimen188
\Fld@charsize=\dimen189
Package hyperref Info: Hyper figures OFF on input line 6084.
Package hyperref Info: Link nesting OFF on input line 6089.
Package hyperref Info: Hyper index ON on input line 6092.
Package hyperref Info: backreferencing OFF on input line 6099.
Package hyperref Info: Link coloring OFF on input line 6104.
Package hyperref Info: Link coloring with OCG OFF on input line 6109.
Package hyperref Info: PDF/A mode OFF on input line 6114.
\Hy@abspage=\count474
\c@Item=\count475
\c@Hfootnote=\count476
)
Package hyperref Info: Driver (autodetected): hxetex.

(C:\Program Files\MiKTeX\tex/latex/hyperref\hxetex.def
File: hxetex.def 2026-01-29 v7.01p Hyperref driver for XeTeX
\pdfm@box=\box56
\c@Hy@AnnotLevel=\count477
\HyField@AnnotCount=\count478
\Fld@listcount=\count479
\c@bookmark@seq@number=\count480

(C:\Program Files\MiKTeX\tex/latex/rerunfilecheck\rerunfilecheck.sty
Package: rerunfilecheck 2025-06-21 v1.11 Rerun checks for auxiliary files (HO)

(C:\Program Files\MiKTeX\tex/generic/uniquecounter\uniquecounter.sty
Package: uniquecounter 2019/12/15 v1.4 Provide unlimited unique counter (HO)
)
Package uniquecounter Info: New unique counter `rerunfilecheck' on input line 2
84.
)
\Hy@SectionHShift=\skip81
)
(C:\Program Files\MiKTeX\tex/latex/bidi\hyperref-xetex-bidi.def
File: hyperref-xetex-bidi.def 2025/12/06 v1.5 bidi adaptations for hyperref pac
kage for XeTeX engine
)
Package hyperref Info: Option `colorlinks' set `true' on input line 44.

(C:\Program Files\MiKTeX\tex/latex/float\float.sty
Package: float 2001/11/08 v1.3d Float enhancements (AL)
\c@float@type=\count481
\float@exts=\toks36
\float@box=\box57
\@float@everytoks=\toks37
\@floatcapt=\box58
)
(C:\Program Files\MiKTeX\tex/latex/bidi\float-xetex-bidi.def
File: float-xetex-bidi.def 2013/04/04 v0.2 bidi adaptations for float package f
or XeTeX engine
)
(C:\Program Files\MiKTeX\tex/latex/booktabs\booktabs.sty
Package: booktabs 2020/01/12 v1.61803398 Publication quality tables
\heavyrulewidth=\dimen190
\lightrulewidth=\dimen191
\cmidrulewidth=\dimen192
\belowrulesep=\dimen193
\belowbottomsep=\dimen194
\aboverulesep=\dimen195
\abovetopsep=\dimen196
\cmidrulesep=\dimen197
\cmidrulekern=\dimen198
\defaultaddspace=\dimen199
\@cmidla=\count482
\@cmidlb=\count483
\@aboverulesep=\dimen256
\@belowrulesep=\dimen257
\@thisruleclass=\count484
\@lastruleclass=\count485
\@thisrulewidth=\dimen258
)
(C:\Program Files\MiKTeX\tex/latex/caption\subcaption.sty
Package: subcaption 2023/07/28 v1.6b Sub-captions (AR)
Package caption Info: New subtype `subfigure' on input line 238.
\c@subfigure=\count486
Package caption Info: New subtype `subtable' on input line 238.
\c@subtable=\count487
)
(C:\Program Files\MiKTeX\tex/latex/minted\minted.sty
Package: minted 2025/05/14 v3.7.0 Yet another Pygments shim for LaTeX

(C:\Program Files\MiKTeX\tex/generic/catchfile\catchfile.sty
Package: catchfile 2019/12/09 v1.8 Catch the contents of a file (HO)
)
(C:\Program Files\MiKTeX\tex/latex/fvextra\fvextra.sty
Package: fvextra 2025/05/29 v1.13.2 fvextra - extensions and patches for fancyv
rb

(C:\Program Files\MiKTeX\tex/latex/fancyvrb\fancyvrb.sty
Package: fancyvrb 2025/07/28 4.6 verbatim text (tvz,hv)
\FV@CodeLineNo=\count488
\FV@InFile=\read3
\FV@TabBox=\box59
\c@FancyVerbLine=\count489
\FV@StepNumber=\count490
\FV@OutFile=\write4
)
(C:\Program Files\MiKTeX\tex/latex/upquote\upquote.sty
Package: upquote 2012/04/19 v1.3 upright-quote and grave-accent glyphs in verba
tim

(C:\Program Files\MiKTeX\tex/latex/base\textcomp.sty
Package: textcomp 2024/04/24 v2.1b Standard LaTeX package
))
(C:\Program Files\MiKTeX\tex/latex/lineno\lineno.sty
Package: lineno 2025/05/13 line numbers on paragraphs v5.5
\linenopenalty=\count491
\output=\toks38
\linenoprevgraf=\count492
\linenumbersep=\dimen259
\linenumberwidth=\dimen260
\c@linenumber=\count493
\c@pagewiselinenumber=\count494
\c@LN@truepage=\count495
\c@internallinenumber=\count496
\c@internallinenumbers=\count497
\quotelinenumbersep=\dimen261
\bframerule=\dimen262
\bframesep=\dimen263
\bframebox=\box60
\@LN@amsmath@ams@eqpen=\count498


LaTeX Warning: Command \@parboxrestore  has changed.
               Check if current package is valid.

) (C:\Program Files\MiKTeX\tex/latex/bidi\lineno-xetex-bidi.def
File: lineno-xetex-bidi.def 2024/12/07 v0.3 bidi adaptations for lineno package
 for XeTeX engine
)

Package fvextra Warning: csquotes should be loaded after fvextra, to avoid a wa
rning from the lineno package on input line 37.

\c@FancyVerbWriteLine=\count499
\c@FancyVerbBufferLine=\count500
\c@FV@TrueTabGroupLevel=\count501
\c@FV@TrueTabCounter=\count502
\FV@TabBox@Group=\box61
\FV@bgcolorstructbox=\box62
\FV@TmpLength=\skip82
\c@FV@HighlightLinesStart=\count503
\c@FV@HighlightLinesStop=\count504
\FV@LoopCount=\count505
\FV@NCharsBox=\box63
\FV@BreakIndent=\dimen264
\FV@BreakIndentNChars=\count506
\FV@BreakSymbolSepLeft=\dimen265
\FV@BreakSymbolSepLeftNChars=\count507
\FV@BreakSymbolSepRight=\dimen266
\FV@BreakSymbolSepRightNChars=\count508
\FV@BreakSymbolIndentLeft=\dimen267
\FV@BreakSymbolIndentLeftNChars=\count509
\FV@BreakSymbolIndentRight=\dimen268
\FV@BreakSymbolIndentRightNChars=\count510
\c@FancyVerbLineBreakLast=\count511
\FV@LineBox=\box64
\FV@LineIndentBox=\box65
\c@FV@BreakBufferDepth=\count512
\FV@LineWidth=\dimen269
) (C:\Program Files\MiKTeX\tex/latex/latex2pydata\latex2pydata.sty
Package: latex2pydata 2025/03/26 v0.6.0 latex2pydata - write data to file in Py
thon literal format
)
(C:\Program Files\MiKTeX\tex/latex/pgf/utilities\pgfkeys.sty
(C:\Program Files\MiKTeX\tex/generic/pgf/utilities\pgfkeys.code.tex
\pgfkeys@pathtoks=\toks39
\pgfkeys@temptoks=\toks40

(C:\Program Files\MiKTeX\tex/generic/pgf/utilities\pgfkeyslibraryfiltered.code.
tex
\pgfkeys@tmptoks=\toks41
))) (C:\Program Files\MiKTeX\tex/latex/pgfopts\pgfopts.sty
Package: pgfopts 2014/07/10 v2.1a LaTeX package options with pgfkeys
\pgfopts@list@add@a@toks=\toks42
\pgfopts@list@add@b@toks=\toks43
)
(C:\Program Files\MiKTeX\tex/latex/tools\shellesc.sty
Package: shellesc 2023/07/08 v1.0d unified shell escape interface for LaTeX
Package shellesc Info: Restricted shell escape enabled on input line 77.
)
\c@minted@FancyVerbLineTemp=\count513
\@float@every@listing=\toks44
\c@listing=\count514
)
(C:\Program Files\MiKTeX\tex/latex/qrcode\qrcode.sty
Package: qrcode 2015/01/08 v1.51 QR code generation

(C:\Program Files\MiKTeX\tex/latex/xcolor\xcolor.sty
Package: xcolor 2024/09/29 v3.02 LaTeX color extensions (UK)

(C:\Program Files\MiKTeX\tex/latex/graphics-cfg\color.cfg
File: color.cfg 2016/01/02 v1.6 sample color configuration
)
Package xcolor Info: Driver file: xetex.def on input line 274.

(C:\Program Files\MiKTeX\tex/latex/graphics\mathcolor.ltx)
Package xcolor Info: Model `cmy' substituted by `cmy0' on input line 1349.
Package xcolor Info: Model `RGB' extended on input line 1365.
Package xcolor Info: Model `HTML' substituted by `rgb' on input line 1367.
Package xcolor Info: Model `Hsb' substituted by `hsb' on input line 1368.
Package xcolor Info: Model `tHsb' substituted by `hsb' on input line 1369.
Package xcolor Info: Model `HSB' substituted by `hsb' on input line 1370.
Package xcolor Info: Model `Gray' substituted by `gray' on input line 1371.
Package xcolor Info: Model `wave' substituted by `hsb' on input line 1372.
)
(C:\Program Files\MiKTeX\tex/latex/bidi\xcolor-xetex-bidi.def
File: xcolor-xetex-bidi.def 2022/06/13 v0.3 bidi adaptations for xcolor package
 for XeTeX engine
LaTeX Info: Redefining \color on input line 49.
)
(C:\Program Files\MiKTeX\tex/latex/xkeyval\xkeyval.sty
Package: xkeyval 2022/06/16 v2.9 package option processing (HA)

(C:\Program Files\MiKTeX\tex/generic/xkeyval\xkeyval.tex
(C:\Program Files\MiKTeX\tex/generic/xkeyval\xkvutils.tex
\XKV@toks=\toks45
\XKV@tempa@toks=\toks46
)
\XKV@depth=\count515
File: xkeyval.tex 2014/12/03 v2.7a key=value parser (HA)
))
\c@qr@i=\count516
\c@qr@j=\count517
\qr@a=\count518
\qr@b=\count519
\qr@c=\count520
\qr@for@depth=\count521
\qr@for@maxdepth=\count522
\qr@for@start=\count523
\qr@for@end=\count524
\qr@for@step=\count525
\qr@newforcount=\count526
\qr@newforcount=\count527
\qr@desiredheight=\skip83
\qr@modulesize=\skip84
\qr@minipagewidth=\skip85
\c@maski=\count528
\c@maskj=\count529
\c@totalones=\count530
\c@penaltyi=\count531
\c@penaltyii=\count532
\c@penaltyiii=\count533
\c@penaltyiv=\count534
\c@qr@hexchars=\count535
\qr@newforcount=\count536
\c@qr@divisionsremaining=\count537
))
(C:\Program Files\MiKTeX\tex/latex/pdflscape\pdflscape.sty
Package: pdflscape 2022-10-27 v0.13 Display of landscape pages in PDF

(C:\Program Files\MiKTeX\tex/latex/pdflscape\pdflscape-nometadata.sty
Package: pdflscape-nometadata 2022-10-28 v0.13 Display of landscape pages in PD
F (HO)

(C:\Program Files\MiKTeX\tex/latex/graphics\lscape.sty
Package: lscape 2020/05/28 v3.02 Landscape Pages (DPC)
)
(C:\Program Files\MiKTeX\tex/latex/bidi\lscape-xetex-bidi.def
File: lscape-xetex-bidi.def 2025/01/03 v0.3 bidi adaptations for lscape package
 for XeTeX engine
)
Package pdflscape Info: Auto-detected driver: dvipdfm (xetex) on input line 98.

))
(C:\Program Files\MiKTeX\tex/latex/bidi\pdflscape-xetex-bidi.def
File: pdflscape-xetex-bidi.def 2022/02/18 v0.1 bidi adaptations for pdflscape p
ackage for XeTeX engine
)
(C:\Program Files\MiKTeX\tex/latex/bidi\float-xetex-bidi.def
File: float-xetex-bidi.def 2013/04/04 v0.2 bidi adaptations for float package f
or XeTeX engine
)
Package csquotes Info: Checking for multilingual support...
Package csquotes Info: ... found 'polyglossia' package.
Package csquotes Info: Adjusting default style.
Package csquotes Info: Redefining alias 'default' -> 'american'.
 (Main.aux
<Reading QR code for "https://github.com/BenhamadaKhalil/agrigov-bachelor-thesi
s/tree/main/images/QR" at level 5-M from aux file.>
)
\openout1 = `Main.aux'.

LaTeX Font Info:    Checking defaults for OML/cmm/m/it on input line 6.
LaTeX Font Info:    ... okay on input line 6.
LaTeX Font Info:    Checking defaults for OMS/cmsy/m/n on input line 6.
LaTeX Font Info:    ... okay on input line 6.
LaTeX Font Info:    Checking defaults for OT1/cmr/m/n on input line 6.
LaTeX Font Info:    ... okay on input line 6.
LaTeX Font Info:    Checking defaults for T1/cmr/m/n on input line 6.
LaTeX Font Info:    ... okay on input line 6.
LaTeX Font Info:    Checking defaults for TS1/cmr/m/n on input line 6.
LaTeX Font Info:    ... okay on input line 6.
LaTeX Font Info:    Checking defaults for TU/lmr/m/n on input line 6.
LaTeX Font Info:    ... okay on input line 6.
LaTeX Font Info:    Checking defaults for OMX/cmex/m/n on input line 6.
LaTeX Font Info:    ... okay on input line 6.
LaTeX Font Info:    Checking defaults for U/cmr/m/n on input line 6.
LaTeX Font Info:    ... okay on input line 6.
LaTeX Font Info:    Checking defaults for PD1/pdf/m/n on input line 6.
LaTeX Font Info:    ... okay on input line 6.
LaTeX Font Info:    Checking defaults for PU/pdf/m/n on input line 6.
LaTeX Font Info:    ... okay on input line 6.

*geometry* driver: auto-detecting
*geometry* detected driver: xetex
*geometry* verbose mode - [ preamble ] result:
* driver: xetex
* paper: a4paper
* layout: <same size as paper>
* layoutoffset:(h,v)=(0.0pt,0.0pt)
* bindingoffset: 28.45274pt
* modes: 
* h-part:(L,W,R)=(56.9055pt, 441.01775pt, 71.13188pt)
* v-part:(T,H,B)=(71.13188pt, 702.78308pt, 71.13188pt)
* \paperwidth=597.50787pt
* \paperheight=845.04684pt
* \textwidth=441.01775pt
* \textheight=702.78308pt
* \oddsidemargin=13.08826pt
* \evensidemargin=-15.36449pt
* \topmargin=-38.1381pt
* \headheight=12.0pt
* \headsep=25.0pt
* \topskip=12.0pt
* \footskip=30.0pt
* \marginparwidth=35.0pt
* \marginparsep=10.0pt
* \columnsep=10.0pt
* \skip\footins=10.8pt plus 4.0pt minus 2.0pt
* \hoffset=0.0pt
* \voffset=0.0pt
* \mag=1000
* \@twocolumnfalse
* \@twosidefalse
* \@mparswitchfalse
* \@reversemarginfalse
* (1in=72.27pt=25.4mm, 1cm=28.453pt)


Package fontspec Info: 
(fontspec)             Adjusting the maths setup (use [no-math] to avoid
(fontspec)             this).

\symlegacymaths=\mathgroup6
LaTeX Font Info:    Overwriting symbol font `legacymaths' in version `bold'
(Font)                  OT1/cmr/m/n --> OT1/cmr/bx/n on input line 6.
LaTeX Font Info:    Redeclaring math accent \acute on input line 6.
LaTeX Font Info:    Redeclaring math accent \grave on input line 6.
LaTeX Font Info:    Redeclaring math accent \ddot on input line 6.
LaTeX Font Info:    Redeclaring math accent \tilde on input line 6.
LaTeX Font Info:    Redeclaring math accent \bar on input line 6.
LaTeX Font Info:    Redeclaring math accent \breve on input line 6.
LaTeX Font Info:    Redeclaring math accent \check on input line 6.
LaTeX Font Info:    Redeclaring math accent \hat on input line 6.
LaTeX Font Info:    Redeclaring math accent \dot on input line 6.
LaTeX Font Info:    Redeclaring math accent \mathring on input line 6.
LaTeX Font Info:    Redeclaring math symbol \Gamma on input line 6.
LaTeX Font Info:    Redeclaring math symbol \Delta on input line 6.
LaTeX Font Info:    Redeclaring math symbol \Theta on input line 6.
LaTeX Font Info:    Redeclaring math symbol \Lambda on input line 6.
LaTeX Font Info:    Redeclaring math symbol \Xi on input line 6.
LaTeX Font Info:    Redeclaring math symbol \Pi on input line 6.
LaTeX Font Info:    Redeclaring math symbol \Sigma on input line 6.
LaTeX Font Info:    Redeclaring math symbol \Upsilon on input line 6.
LaTeX Font Info:    Redeclaring math symbol \Phi on input line 6.
LaTeX Font Info:    Redeclaring math symbol \Psi on input line 6.
LaTeX Font Info:    Redeclaring math symbol \Omega on input line 6.
LaTeX Font Info:    Redeclaring math symbol \mathdollar on input line 6.
LaTeX Font Info:    Redeclaring symbol font `operators' on input line 6.
LaTeX Font Info:    Encoding `OT1' has changed to `TU' for symbol font
(Font)              `operators' in the math version `normal' on input line 6.
LaTeX Font Info:    Overwriting symbol font `operators' in version `normal'
(Font)                  OT1/cmr/m/n --> TU/lmr/m/n on input line 6.
LaTeX Font Info:    Encoding `OT1' has changed to `TU' for symbol font
(Font)              `operators' in the math version `bold' on input line 6.
LaTeX Font Info:    Overwriting symbol font `operators' in version `bold'
(Font)                  OT1/cmr/bx/n --> TU/lmr/m/n on input line 6.
LaTeX Font Info:    Overwriting symbol font `operators' in version `normal'
(Font)                  TU/lmr/m/n --> TU/lmr/m/n on input line 6.
LaTeX Font Info:    Overwriting math alphabet `\mathit' in version `normal'
(Font)                  OT1/cmr/m/it --> TU/lmr/m/it on input line 6.
LaTeX Font Info:    Overwriting math alphabet `\mathbf' in version `normal'
(Font)                  OT1/cmr/bx/n --> TU/lmr/b/n on input line 6.
LaTeX Font Info:    Overwriting math alphabet `\mathsf' in version `normal'
(Font)                  OT1/cmss/m/n --> TU/lmss/m/n on input line 6.
LaTeX Font Info:    Overwriting math alphabet `\mathtt' in version `normal'
(Font)                  OT1/cmtt/m/n --> TU/lmtt/m/n on input line 6.
LaTeX Font Info:    Overwriting symbol font `operators' in version `bold'
(Font)                  TU/lmr/m/n --> TU/lmr/b/n on input line 6.
LaTeX Font Info:    Overwriting math alphabet `\mathit' in version `bold'
(Font)                  OT1/cmr/bx/it --> TU/lmr/b/it on input line 6.
LaTeX Font Info:    Overwriting math alphabet `\mathsf' in version `bold'
(Font)                  OT1/cmss/bx/n --> TU/lmss/b/n on input line 6.
LaTeX Font Info:    Overwriting math alphabet `\mathtt' in version `bold'
(Font)                  OT1/cmtt/m/n --> TU/lmtt/b/n on input line 6.
Package caption Info: Begin \AtBeginDocument code.
Package caption Info: float package is loaded.
Package caption Info: hyperref package is loaded.
Package caption Info: End \AtBeginDocument code.
Package biblatex Info: Trying to load language 'arabic'...
Package biblatex Info: ... file 'arabic.lbx' not found.

Package biblatex Warning: Language 'arabic' not supported.
(biblatex)                Using dummy definitions on input line 6.

Package biblatex Info: Trying to load language 'american'...
Package biblatex Info: ... file 'american.lbx' found.
(C:\Program Files\MiKTeX\tex/latex/biblatex/lbx\american.lbx
File: american.lbx 2025/07/10 v3.21 biblatex localization (PK/MW)
Package biblatex Info: Trying to load language 'english'...
Package biblatex Info: ... file 'english.lbx' found.

(C:\Program Files\MiKTeX\tex/latex/biblatex/lbx\english.lbx
File: english.lbx 2025/07/10 v3.21 biblatex localization (PK/MW)
)
Package biblatex Info: Trying to load language 'english'...
Package biblatex Info: ... file 'english.lbx' found.

(C:\Program Files\MiKTeX\tex/latex/biblatex/lbx\english.lbx
File: english.lbx 2025/07/10 v3.21 biblatex localization (PK/MW)
))
Package biblatex Info: XeTeX detected.
(biblatex)             Assuming input encoding 'utf8'.
Package biblatex Info: Automatic encoding selection.
(biblatex)             Assuming data encoding 'utf8'.
\openout3 = `Main.bcf'.

Package biblatex Info: Trying to load bibliographic data...
Package biblatex Info: ... file 'Main.bbl' found.
 (Main.bbl)
Package biblatex Info: Reference section=0 on input line 6.
Package biblatex Info: Reference segment=0 on input line 6.
Package hyperref Info: Link coloring ON on input line 6.

(Main.out) (Main.out)
\@outlinefile=\write5
\openout5 = `Main.out'.

 (sections1/TitlePage.tex
*geometry* verbose mode - [ newgeometry ] result:
* driver: xetex
* paper: a4paper
* layout: <same size as paper>
* layoutoffset:(h,v)=(0.0pt,0.0pt)
* modes: 
* h-part:(L,W,R)=(56.9055pt, 483.69687pt, 56.9055pt)
* v-part:(T,H,B)=(42.67912pt, 759.6886pt, 42.67912pt)
* \paperwidth=597.50787pt
* \paperheight=845.04684pt
* \textwidth=483.69687pt
* \textheight=759.6886pt
* \oddsidemargin=-15.36449pt
* \evensidemargin=-15.36449pt
* \topmargin=-66.59087pt
* \headheight=12.0pt
* \headsep=25.0pt
* \topskip=12.0pt
* \footskip=30.0pt
* \marginparwidth=35.0pt
* \marginparsep=10.0pt
* \columnsep=10.0pt
* \skip\footins=10.8pt plus 4.0pt minus 2.0pt
* \hoffset=0.0pt
* \voffset=0.0pt
* \mag=1000
* \@twocolumnfalse
* \@twosidefalse
* \@mparswitchfalse
* \@reversemarginfalse
* (1in=72.27pt=25.4mm, 1cm=28.453pt)

File: images/logo/UC2.png Graphic file (type bmp)
<images/logo/UC2.png>

Overfull \hbox (9.67438pt too wide) in paragraph at lines 19--20
 [][][][] 
 []

LaTeX Font Info:    Trying to load font information for U+msa on input line 20.

(C:\Program Files\MiKTeX\tex/latex/amsfonts\umsa.fd
File: umsa.fd 2013/01/14 v3.01 AMS symbols A
)
LaTeX Font Info:    Trying to load font information for U+msb on input line 20.


(C:\Program Files\MiKTeX\tex/latex/amsfonts\umsb.fd
File: umsb.fd 2013/01/14 v3.01 AMS symbols B
)
File: images/logo/ntic.png Graphic file (type bmp)
<images/logo/ntic.png>


LaTeX Font Warning: Font shape `TU/lmr/bx/sc' undefined
(Font)              using `TU/lmr/bx/n' instead on input line 39.

[1


]) (sections1/dedication.tex [1


] [2

] [3

] [4

]) [5

] (Main.toc [6

])
\tf@toc=\write6
\openout6 = `Main.toc'.

 [7]
(Main.lof)
\tf@lof=\write7
\openout7 = `Main.lof'.

 [8


] (Main.lot)
\tf@lot=\write8
\openout8 = `Main.lot'.

 [9


] (GlobalIntro.tex) (chapter1.tex [10


]
Chapter 1.
(sections1/introduction.tex) (sections1/ExistingSystems.tex [11

]
File: images/existingHome/fbn_interface.png.jpg Graphic file (type bmp)
<images/existingHome/fbn_interface.png.jpg>

Overfull \hbox (6.701pt too wide) in paragraph at lines 26--28
[]\TU/lmr/m/n/12 Electronic National Agriculture Market (eNAM) is a government-
driven project launched[]
 []

File: images/existingHome/enam_interface.png.jpg Graphic file (type bmp)
<images/existingHome/enam_interface.png.jpg>
[12]
Overfull \hbox (0.99011pt too wide) in paragraph at lines 40--40
 []|[]\TU/lmr/bx/n/14.4 Ghana Agriculture and Agribusiness Platform (GhAAP)[]
 []


Overfull \hbox (9.14659pt too wide) in paragraph at lines 46--47
[][]\TU/lmr/m/n/12 Through real-time information sharing, GhAAP improves coordi
nation, transparency,[]
 []

File: images/existingHome/ghaap_interface.png Graphic file (type bmp)
<images/existingHome/ghaap_interface.png>

Underfull \hbox (badness 5548) in paragraph at lines 64--65
[]\TU/lmr/m/n/12 tics integration, no[]
 []


Underfull \hbox (badness 10000) in paragraph at lines 64--65
[]\TU/lmr/m/n/12 government supervi-[]
 []


Underfull \hbox (badness 10000) in paragraph at lines 66--67
[][]\TU/lmr/m/n/12 Infrastructure gaps,[]
 []


Underfull \hbox (badness 4108) in paragraph at lines 68--68
[][]\TU/lmr/m/n/12 Ghana Agri-[]
 []


Underfull \hbox (badness 10000) in paragraph at lines 68--68
[]\TU/lmr/m/n/12 culture and[]
 []


Underfull \hbox (badness 10000) in paragraph at lines 68--68
[]\TU/lmr/m/n/12 Agribusiness[]
 []


Underfull \hbox (badness 10000) in paragraph at lines 68--68
[]\TU/lmr/m/n/12 Platform[]
 []


Underfull \hbox (badness 10000) in paragraph at lines 68--68
[]\TU/lmr/m/n/12 advice, direct selling,[]
 []


Underfull \hbox (badness 10000) in paragraph at lines 68--69
[][]\TU/lmr/m/n/12 National platform[]
 []


Underfull \hbox (badness 7047) in paragraph at lines 68--69
[]\TU/lmr/m/n/12 only, limited infor-[]
 []


Underfull \hbox (badness 10000) in paragraph at lines 68--69
[]\TU/lmr/m/n/12 mation on pricing[]
 []

[13] [14]) (sections1/definitions.tex [15] [16] [17]
File: images/diagrammes/DCS.png Graphic file (type bmp)
<images/diagrammes/DCS.png>
) (sections1/UseCases.tex
[18]
File: images/diagrammes/buyerUCD.png Graphic file (type bmp)
<images/diagrammes/buyerUCD.png>
 [19]
File: images/diagrammes/farmerUCD.png Graphic file (type bmp)
<images/diagrammes/farmerUCD.png>

Overfull \hbox (22.05223pt too wide) in paragraph at lines 37--38
 [][][][] 
 []

[20]
File: images/diagrammes/transporterUCD.png Graphic file (type bmp)
<images/diagrammes/transporterUCD.png>

Overfull \hbox (22.05223pt too wide) in paragraph at lines 54--55
 [][][][] 
 []

[21]
File: images/diagrammes/ministryUCD.png Graphic file (type bmp)
<images/diagrammes/ministryUCD.png>
File: images/diagrammes/GlobalUCD.png Graphic file (type bmp)
<images/diagrammes/GlobalUCD.png>

Overfull \hbox (66.14996pt too wide) in paragraph at lines 77--78
 [][][][] 
 []

) [22] (sections1/Spécification.tex
Underfull \hbox (badness 10000) in paragraph at lines 42--42
[][]\TU/lmr/bx/n/12 Alternative Se-[]
 []


Underfull \hbox (badness 10000) in paragraph at lines 50--50
[][]\TU/lmr/bx/n/12 Exceptional Se-[]
 []

[23]
File: images/diagrammes/Authentication.png Graphic file (type bmp)
<images/diagrammes/Authentication.png>

Overfull \hbox (26.07884pt too wide) in paragraph at lines 67--69
[][]  [] []
 []

[24]
Underfull \hbox (badness 10000) in paragraph at lines 112--112
[][]\TU/lmr/bx/n/12 Alternative Se-[]
 []


Underfull \hbox (badness 10000) in paragraph at lines 120--120
[][]\TU/lmr/bx/n/12 Exceptional Se-[]
 []

[25]
File: images/diagrammes/DecideMilestone.png Graphic file (type bmp)
<images/diagrammes/DecideMilestone.png>

Overfull \hbox (26.07884pt too wide) in paragraph at lines 137--139
[][]  [] []
 []

[26]
Underfull \hbox (badness 10000) in paragraph at lines 179--179
[][]\TU/lmr/bx/n/12 Alternative Se-[]
 []


Underfull \hbox (badness 10000) in paragraph at lines 188--188
[][]\TU/lmr/bx/n/12 Exceptional Se-[]
 []

[27]
File: images/diagrammes/userValidation.png Graphic file (type bmp)
<images/diagrammes/userValidation.png>

Overfull \hbox (26.07884pt too wide) in paragraph at lines 205--207
[][]  [] []
 []

[28]
Underfull \hbox (badness 10000) in paragraph at lines 247--247
[][]\TU/lmr/bx/n/12 Alternative Se-[]
 []


Underfull \hbox (badness 10000) in paragraph at lines 256--256
[][]\TU/lmr/bx/n/12 Exceptional Se-[]
 []


Underfull \hbox (badness 1735) in paragraph at lines 260--261
[][]\TU/lmr/m/n/12 The system suggests alternative keywords or[]
 []

[29]
File: images/diagrammes/SearchProduct.png Graphic file (type bmp)
<images/diagrammes/SearchProduct.png>
 [30]
Underfull \hbox (badness 10000) in paragraph at lines 313--313
[][]\TU/lmr/bx/n/12 Alternative Se-[]
 []


Underfull \hbox (badness 10000) in paragraph at lines 321--321
[][]\TU/lmr/bx/n/12 Exceptional Se-[]
 []

[31]
File: images/diagrammes/decideOrder.png Graphic file (type bmp)
<images/diagrammes/decideOrder.png>
 [32]) (sections1/Mockups.tex [33]
File: images/navigation/global-navigation.png Graphic file (type bmp)
<images/navigation/global-navigation.png>

Overfull \hbox (48.13107pt too wide) in paragraph at lines 16--18
[][]  [] []
 []

[34]
File: images/navigation/farmer_nav.png Graphic file (type bmp)
<images/navigation/farmer_nav.png>
 [35]
File: images/figma/farmer/Overview.jpg Graphic file (type bmp)
<images/figma/farmer/Overview.jpg>
File: images/figma/farmer/Transportation mission control.jpg Graphic file (type
 bmp)
<images/figma/farmer/Transportation mission control.jpg>
File: images/figma/farmer/Farmer Inventory Management.png Graphic file (type bm
p)
<images/figma/farmer/Farmer Inventory Management.png>
File: images/figma/farmer/Product Management.png Graphic file (type bmp)
<images/figma/farmer/Product Management.png>
File: images/figma/farmer/Order History and Invoices.png Graphic file (type bmp
)
<images/figma/farmer/Order History and Invoices.png>
File: images/mobile/exports/inventorymanagement.png Graphic file (type bmp)
<images/mobile/exports/inventorymanagement.png>
File: images/mobile/exports/logistics.png Graphic file (type bmp)
<images/mobile/exports/logistics.png>

Underfull \hbox (badness 10000) in paragraph at lines 90--90
[][]\TU/lmr/m/n/10.95 (e) |Mobile[]
 []

File: images/mobile/exports/productManagement.png Graphic file (type bmp)
<images/mobile/exports/productManagement.png>

Underfull \hbox (badness 10000) in paragraph at lines 96--96
[][]\TU/lmr/m/n/10.95 (f) |Mobile[]
 []

[36] [37]
File: images/navigation/buyer_nav.png Graphic file (type bmp)
<images/navigation/buyer_nav.png>
File: images/figma/buyer/Buyer Marketplace Catalog.png Graphic file (type bmp)
<images/figma/buyer/Buyer Marketplace Catalog.png>
File: images/figma/buyer/order history.jpg Graphic file (type bmp)
<images/figma/buyer/order history.jpg>
File: images/figma/buyer/Product Specification Details.png Graphic file (type b
mp)
<images/figma/buyer/Product Specification Details.png>
File: images/mobile/exports/orderhistory.png Graphic file (type bmp)
<images/mobile/exports/orderhistory.png>
File: images/mobile/exports/productdetail.png Graphic file (type bmp)
<images/mobile/exports/productdetail.png>
File: images/mobile/exports/catalog.png Graphic file (type bmp)
<images/mobile/exports/catalog.png>

Underfull \hbox (badness 10000) in paragraph at lines 155--155
[][]\TU/lmr/m/n/10.95 (d) |Catalogue[]
 []

[38]
File: images/navigation/transporter_nav.png Graphic file (type bmp)
<images/navigation/transporter_nav.png>
File: images/figma/transporter/Body-1.jpg Graphic file (type bmp)
<images/figma/transporter/Body-1.jpg>
File: images/figma/transporter/Transporter Mission Control.jpg Graphic file (ty
pe bmp)
<images/figma/transporter/Transporter Mission Control.jpg>
 [39]
File: images/mobile/exports/login.png Graphic file (type bmp)
<images/mobile/exports/login.png>
File: images/mobile/exports/registration.png Graphic file (type bmp)
<images/mobile/exports/registration.png>
File: images/mobile/exports/missions.png Graphic file (type bmp)
<images/mobile/exports/missions.png>

Underfull \hbox (badness 10000) in paragraph at lines 204--204
[][]\TU/lmr/m/n/10.95 (c) |missions[]
 []

File: images/mobile/exports/missioncontrol.png Graphic file (type bmp)
<images/mobile/exports/missioncontrol.png>

Underfull \hbox (badness 10000) in paragraph at lines 210--210
[][]\TU/lmr/m/n/10.95 (d) |mission[]
 []


Underfull \hbox (badness 10000) in paragraph at lines 210--210
[]\TU/lmr/m/n/10.95 Controle mo-[]
 []

[40]
File: images/navigation/ministry_nav.png Graphic file (type bmp)
<images/navigation/ministry_nav.png>
File: images/figma/ministry/user management.png Graphic file (type bmp)
<images/figma/ministry/user management.png>
File: images/figma/ministry/Ministry Admin Dashboard.png Graphic file (type bmp
)
<images/figma/ministry/Ministry Admin Dashboard.png>
 [41]
File: images/figma/ministry/category.png Graphic file (type bmp)
<images/figma/ministry/category.png>
File: images/figma/ministry/Official Price Management.png Graphic file (type bm
p)
<images/figma/ministry/Official Price Management.png>
 [42])) [43] (chapter2.tex [44]
Chapter 2.
(sections2/introduction.tex) (sections2/diagramme_classes.tex [45

]
File: images/diagrammes/photo_2026-05-16_18-53-56.jpg Graphic file (type bmp)
<images/diagrammes/photo_2026-05-16_18-53-56.jpg>

Overfull \hbox (76.43703pt too wide) in paragraph at lines 25--27
[][]  [] []
 []

) (sections2/diagramme_activite.tex [46] [47]
File: images/diagrammes/diagramme_activite.png Graphic file (type bmp)
<images/diagrammes/diagramme_activite.png>

Overfull \hbox (22.05223pt too wide) in paragraph at lines 17--18
 [][][][] 
 []

[48] [49]) (sections2/base_donnees.tex
File: images/diagrammes/modèle_relationnel.png Graphic file (type bmp)
<images/diagrammes/modèle_relationnel.png>

Overfull \hbox (63.78278pt too wide) in paragraph at lines 21--23
[][]  [] []
 []

[50]) (sections2/interfaces.tex [51]
File: images/interfaces/farmer/farmer analytics.png Graphic file (type bmp)
<images/interfaces/farmer/farmer analytics.png>
File: images/interfaces/farmer/farmer inventory.png Graphic file (type bmp)
<images/interfaces/farmer/farmer inventory.png>
File: images/interfaces/farmer/farmer orders.png Graphic file (type bmp)
<images/interfaces/farmer/farmer orders.png>
File: images/mobile/farmer/dashboard.png Graphic file (type bmp)
<images/mobile/farmer/dashboard.png>
File: images/mobile/farmer/inventory.png Graphic file (type bmp)
<images/mobile/farmer/inventory.png>
File: images/mobile/farmer/logistics.png Graphic file (type bmp)
<images/mobile/farmer/logistics.png>
File: images/interfaces/buyer/buyer dashboard overview.png Graphic file (type b
mp)
<images/interfaces/buyer/buyer dashboard overview.png>
File: images/interfaces/buyer/buyer analytics.png Graphic file (type bmp)
<images/interfaces/buyer/buyer analytics.png>
File: images/interfaces/buyer/buyer reviews history.png Graphic file (type bmp)

<images/interfaces/buyer/buyer reviews history.png>
File: images/mobile/buyer/market.png Graphic file (type bmp)
<images/mobile/buyer/market.png>
File: images/mobile/buyer/orders.png Graphic file (type bmp)
<images/mobile/buyer/orders.png>
File: images/mobile/buyer/cart.png Graphic file (type bmp)
<images/mobile/buyer/cart.png>
 [52]
File: images/interfaces/transporter/transporter dashboard.png Graphic file (typ
e bmp)
<images/interfaces/transporter/transporter dashboard.png>
File: images/interfaces/transporter/transporter missions.png Graphic file (type
 bmp)
<images/interfaces/transporter/transporter missions.png>
File: images/interfaces/transporter/transporter profile.png Graphic file (type 
bmp)
<images/interfaces/transporter/transporter profile.png>
File: images/mobile/transporter/history.png Graphic file (type bmp)
<images/mobile/transporter/history.png>
File: images/mobile/transporter/mission.jpg Graphic file (type bmp)
<images/mobile/transporter/mission.jpg>
File: images/mobile/transporter/missions.png Graphic file (type bmp)
<images/mobile/transporter/missions.png>
 [53]
File: images/interfaces/ministry/ministrt user details.png Graphic file (type b
mp)
<images/interfaces/ministry/ministrt user details.png>
File: images/interfaces/ministry/ministry analytics.png Graphic file (type bmp)

<images/interfaces/ministry/ministry analytics.png>
File: images/interfaces/ministry/ministry official prices.png Graphic file (typ
e bmp)
<images/interfaces/ministry/ministry official prices.png>
File: images/interfaces/ministry/ministry regianal data.png Graphic file (type 
bmp)
<images/interfaces/ministry/ministry regianal data.png>
) (sections2/deploiement.tex
File: images/diagrammes/deploiement.png Graphic file (type bmp)
<images/diagrammes/deploiement.png>
)
(sections2/technologies.tex [54] [55]
Overfull \hbox (0.46179pt too wide) in paragraph at lines 34--35
[][]\TU/lmr/bx/n/12 Database: PostgreSQL \TU/lmr/m/n/12 — a production-grade, o
pen-source relational database[]
 []

[56] [57] [58]
File: images/structure/mobileStructure.png Graphic file (type bmp)
<images/structure/mobileStructure.png>
File: images/structure/webStructure.png Graphic file (type bmp)
<images/structure/webStructure.png>
File: images/structure/backendStructure.png Graphic file (type bmp)
<images/structure/backendStructure.png>
 [59]
Overfull \hbox (49.46991pt too wide) in paragraph at lines 148--149
[][]\TU/lmr/bx/n/12 Web Frontend & Backend: [][][]$[][][][][] [] [] [] [][][][]
[][] [] [][][] [] [][][][][][][][][][][][][][] [] [][][][][][][][][][][][][][][
] []$[][]
 []


Overfull \hbox (19.0739pt too wide) in paragraph at lines 149--150
[][]\TU/lmr/bx/n/12 Mobile Application: [][][]$[][][][][] [] [] [] [][][][][][]
 [] [][][] [] [][][][][][][][][][][][][][][] [] [][][][][][][][][][][][][][][] 
[]$[][]
 []




<QR code requested for "https://github.com/BenhamadaKhalil/agrigov-bachelor-the
sis/tree/main/images/QR" in version 0-M.>

<Copying the QR code for "https://github.com/BenhamadaKhalil/agrigov-bachelor-t
hesis/tree/main/images/QR" in version 5-M as previously calculated.>
) (sections2/conclusion.tex [60])) (GlobalConclusion.tex [61]) [62

] [63]
[64

]
Overfull \hbox (32.18488pt too wide) in paragraph at lines 38--38
[][]\TU/lmr/m/n/12 Microsoft, \TU/lmr/m/it/12 Typescript: Javascript with synta
x for types\TU/lmr/m/n/12 , [][][]$[][][][][] [] [] [] [][][] [] [][][][][][][]
[][][][][][][] []$[][]
 []

[65]
Overfull \hbox (4.32494pt too wide) in paragraph at lines 38--38
[][]\TU/lmr/m/n/12 Tailwind Labs, \TU/lmr/m/it/12 Tailwind css: A utility-first
 css framework\TU/lmr/m/n/12 , [][][]$[][][][][] [] [] [] [][][][][][][][][][][
] []$[][]
 []


Overfull \hbox (20.20407pt too wide) in paragraph at lines 38--38
[]\TU/lmr/m/it/12 Apps\TU/lmr/m/n/12 , Accessed: 2024, 2024. [Online]. Availabl
e: [][][]$[][][][][] [] [] [] [][][][][][][][][][] [] [][][][][][][][][][][] []
$[][]
 []


Overfull \hbox (7.67178pt too wide) in paragraph at lines 38--38
[][]\TU/lmr/m/n/12 A. Wattenberger and Contributors, \TU/lmr/m/it/12 react-char
tjs-2: React Components for Chart.js\TU/lmr/m/n/12 ,[]
 []

[66]
Overfull \hbox (1.14473pt too wide) in paragraph at lines 38--38
[]\TU/lmr/m/n/12 ence research approach,” \TU/lmr/m/it/12 International Journal
 of Production Economics\TU/lmr/m/n/12 , vol. 268,[]
 []

[67]
runsystem(latexminted cleantemp  --timestamp 20260517220054 A02C83A7DBD96295BEA
EFB72C2BEE2DE)...disabled (restricted).

 (Main.aux
<Reading QR code for "https://github.com/BenhamadaKhalil/agrigov-bachelor-thesi
s/tree/main/images/QR" at level 5-M from aux file.>
)
 ***********
LaTeX2e <2025-11-01>
L3 programming layer <2026-01-19>
 ***********


LaTeX Font Warning: Some font shapes were not available, defaults substituted.

Package rerunfilecheck Info: File `Main.out' has not changed.
(rerunfilecheck)             Checksum: AB56B094985ED8B5807886C743E09D32;9983.
Package logreq Info: Writing requests to 'Main.run.xml'.
\openout1 = `Main.run.xml'.

 ) 
Here is how much of TeX's memory you used:
 33363 strings out of 402982
 731043 string characters out of 5452820
 1706292 words of memory out of 5000000
 61528 multiletter control sequences out of 15000+600000
 633014 words of font info for 95 fonts, out of 8000000 for 9000
 1348 hyphenation exceptions out of 8191
 89i,11n,95p,1605b,5627s stack positions out of 10000i,1000n,20000p,200000b,200000s

Output written on Main.pdf (68 pages).
